2018/04/28 11:06:53.052 [I] init logger success!!!
2018/04/28 11:06:53.052 [I] {"LogLevel":"debug","LogPath":"./logs/seclayer.log","EtcdConfig":{"EtcdServiceAddr":"127.0.0.1:2379","EtcdSecKeyPrefix":"/backend/secskill/","EtcdProductKey":"/backend/secskill/product","EtcdBlackListKey":"/backend/secskill/backlist","EtcdTimeOut":10},"Proxy2LayerRedis":{"RedisAddr":"127.0.0.1:6379","RedisMaxIdle":64,"RedisMaxActive":0,"RedisIdleTimeout":300,"RedisQueueName":"redis_proxy2layer_queue_name"},"Layer2ProxyRedis":{"RedisAddr":"127.0.0.1:6379","RedisMaxIdle":64,"RedisMaxActive":0,"RedisIdleTimeout":300,"RedisQueueName":"redis_layer2proxy_queue_name"},"WriteGoroutineNum":16,"ReadGoroutineNum":16,"HandleUserGoroutineNum":16,"Read2handleChanSize":100000,"Handle2WriteChanSize":100000,"MaxRequestWaitTimeout":30,"SendToWriteChanTimeout":100,"SendToHandleChanTimeout":100,"TokenPasswd":"fIOxU7iik65vVvBGtNcnrjL4E9MdRpTfzzxE3dx6b7BAHN5etUdSzRW5yjzHzFGW","SecProductInfoMap":null}
2018/04/28 11:06:53.059 [D] init redis success!!
2018/04/28 11:06:53.063 [D] init ectd success!!
2018/04/28 11:06:53.063 [D] start from etcd read data
2018/04/28 11:06:53.064 [D] get [/backend/secskill/product] from ectd success,resp:&{cluster_id:14841639068965178418 member_id:10276657743932975437 revision:1110 raft_term:16  [key:"/backend/secskill/product" create_revision:1074 mod_revision:1108 version:35 value:"[{\"product_id\":3000,\"start_time\":1524534841,\"end_time\":1524634841,\"status\":0,\"total\":1000,\"left\":1000,\"one_person_buy_limit\":1,\"buy_rate\":0.5,\"sold_max_limit\":100},{\"product_id\":2000,\"start_time\":1524556258,\"end_time\":3029568658,\"status\":0,\"total\":2000,\"left\":1000,\"one_person_buy_limit\":50,\"buy_rate\":0.8,\"sold_max_limit\":100}]" ] false 1}
2018/04/28 11:06:53.064 [D] key[0],value[key:"/backend/secskill/product" create_revision:1074 mod_revision:1108 version:35 value:"[{\"product_id\":3000,\"start_time\":1524534841,\"end_time\":1524634841,\"status\":0,\"total\":1000,\"left\":1000,\"one_person_buy_limit\":1,\"buy_rate\":0.5,\"sold_max_limit\":100},{\"product_id\":2000,\"start_time\":1524556258,\"end_time\":3029568658,\"status\":0,\"total\":2000,\"left\":1000,\"one_person_buy_limit\":50,\"buy_rate\":0.8,\"sold_max_limit\":100}]" ]
2018/04/28 11:06:53.064 [D] sec info conf is [[{3000 1524534841 1524634841 0 1000 1000 1 0.5 100 <nil>} {2000 1524556258 3029568658 0 2000 1000 50 0.8 100 <nil>}]]
2018/04/28 11:06:53.064 [D] secLayerContext.secLayerConf.SecProductInfoMap : map[2000:0xc0421904b0 3000:0xc042190460]
2018/04/28 11:06:53.064 [D] update  sec product info success
2018/04/28 11:06:53.064 [D] init etcd watch success!!!
2018/04/28 11:06:53.064 [D] init product success!!
2018/04/28 11:06:53.069 [D] init all success!
2018/04/28 11:06:53.069 [D] init layer succss
2018/04/28 11:06:53.069 [D] read goroutine running
2018/04/28 11:06:53.069 [D] handle write running
2018/04/28 11:06:53.069 [D] read goroutine running
2018/04/28 11:06:53.069 [D] read goroutine running
2018/04/28 11:06:53.069 [D] read goroutine running
2018/04/28 11:06:53.069 [D] read goroutine running
2018/04/28 11:06:53.069 [D] handle write running
2018/04/28 11:06:53.069 [D] handle write running
2018/04/28 11:06:53.069 [D] handle user running
2018/04/28 11:06:53.069 [D] handle user running
2018/04/28 11:06:53.069 [D] read goroutine running
2018/04/28 11:06:53.069 [D] handle user running
2018/04/28 11:06:53.069 [D] handle user running
2018/04/28 11:06:53.069 [D] handle user running
2018/04/28 11:06:53.069 [D] read goroutine running
2018/04/28 11:06:53.069 [D] handle user running
2018/04/28 11:06:53.069 [D] handle write running
2018/04/28 11:06:53.069 [D] read goroutine running
2018/04/28 11:06:53.069 [D] read goroutine running
2018/04/28 11:06:53.069 [D] read goroutine running
2018/04/28 11:06:53.069 [D] handle write running
2018/04/28 11:06:53.069 [D] read goroutine running
2018/04/28 11:06:53.069 [D] handle user running
2018/04/28 11:06:53.069 [D] handle user running
2018/04/28 11:06:53.069 [D] handle user running
2018/04/28 11:06:53.069 [D] handle user running
2018/04/28 11:06:53.069 [D] handle user running
2018/04/28 11:06:53.069 [D] handle user running
2018/04/28 11:06:53.069 [D] handle user running
2018/04/28 11:06:53.069 [D] handle user running
2018/04/28 11:06:53.069 [D] read goroutine running
2018/04/28 11:06:53.069 [D] handle write running
2018/04/28 11:06:53.069 [D] handle write running
2018/04/28 11:06:53.069 [D] handle write running
2018/04/28 11:06:53.069 [D] handle write running
2018/04/28 11:06:53.069 [D] handle write running
2018/04/28 11:06:53.069 [D] handle write running
2018/04/28 11:06:53.069 [D] handle write running
2018/04/28 11:06:53.069 [D] read goroutine running
2018/04/28 11:06:53.069 [D] handle write running
2018/04/28 11:06:53.069 [D] handle write running
2018/04/28 11:06:53.069 [D] handle write running
2018/04/28 11:06:53.069 [D] handle user running
2018/04/28 11:06:53.069 [D] read goroutine running
2018/04/28 11:06:53.069 [D] read goroutine running
2018/04/28 11:06:53.069 [D] read goroutine running
2018/04/28 11:06:53.069 [D] handle write running
2018/04/28 11:06:53.069 [D] handle user running
2018/04/28 11:39:27.844 [D] get config from etcd, PUT "/backend/secskill/product" : "[{\"product_id\":3000,\"start_time\":1524534841,\"end_time\":1524634841,\"status\":0,\"total\":1000,\"left\":1000,\"one_person_buy_limit\":1,\"buy_rate\":0.5,\"sold_max_limit\":100},{\"product_id\":2000,\"start_time\":1524556258,\"end_time\":3029568658,\"status\":0,\"total\":2000,\"left\":1000,\"one_person_buy_limit\":50,\"buy_rate\":0.8,\"sold_max_limit\":100},{\"product_id\":3,\"start_time\":1524883979,\"end_time\":1526883979,\"status\":0,\"total\":9999999,\"left\":0,\"one_person_buy_limit\":3,\"buy_rate\":0.8,\"sold_max_limit\":999999}]"

2018/04/28 11:39:27.844 [D] get config from etcd succ, [{3000 1524534841 1524634841 0 1000 1000 1 0.5 100 <nil>} {2000 1524556258 3029568658 0 2000 1000 50 0.8 100 <nil>} {3 1524883979 1526883979 0 9999999 0 3 0.8 999999 <nil>}]
2018/04/28 11:39:27.844 [D] secLayerContext.secLayerConf.SecProductInfoMap : map[3000:0xc0421d6280 2000:0xc0421d62d0 3:0xc0421d6320]
2018/04/28 11:41:05.874 [D] pop from queue , data:[redis_proxy2layer_queue_name {"ProductId":2000,"Source":"android","AuthCode":"43453","SecTime":"4236424","Nance":"43434","UserId":3232,"UserAuthSign":"04354e1ff199361ce5dd97389b2faf6d","AccessTime":"2018-04-28T11:41:05.8539137+08:00","ClientAddr":"[","ClientRefence":""}],length=2
2018/04/28 11:41:05.874 [D] pop from queue , req:{2000 android 43453 4236424 43434 3232 04354e1ff199361ce5dd97389b2faf6d 2018-04-28 11:41:05.8539137 +0800 CST [ }
2018/04/28 11:41:05.874 [D] begin process request:&{2000 android 43453 4236424 43434 3232 04354e1ff199361ce5dd97389b2faf6d 2018-04-28 11:41:05.8539137 +0800 CST [ }
2018/04/28 11:41:05.908 [D] secLayerContext.Handle2WriteChan &{2000 3232 503a1dd565bf01ccf08e5a1f4b8aab35 1524886865 1002}
2018/04/28 11:41:05.909 [D] secLayerContext.Handle2WriteChan {"product_id":2000,"user_id":3232,"token":"503a1dd565bf01ccf08e5a1f4b8aab35","token_time":1524886865,"code":1002}
2018/04/28 11:41:09.636 [D] pop from queue , data:[redis_proxy2layer_queue_name {"ProductId":2000,"Source":"android","AuthCode":"43453","SecTime":"4236424","Nance":"43434","UserId":3232,"UserAuthSign":"04354e1ff199361ce5dd97389b2faf6d","AccessTime":"2018-04-28T11:41:09.6149084+08:00","ClientAddr":"[","ClientRefence":""}],length=2
2018/04/28 11:41:09.636 [D] pop from queue , req:{2000 android 43453 4236424 43434 3232 04354e1ff199361ce5dd97389b2faf6d 2018-04-28 11:41:09.6149084 +0800 CST [ }
2018/04/28 11:41:09.637 [D] begin process request:&{2000 android 43453 4236424 43434 3232 04354e1ff199361ce5dd97389b2faf6d 2018-04-28 11:41:09.6149084 +0800 CST [ }
2018/04/28 11:41:09.637 [D] secLayerContext.Handle2WriteChan &{0 0  0 1005}
2018/04/28 11:41:09.638 [D] secLayerContext.Handle2WriteChan {"product_id":0,"user_id":0,"token":"","token_time":0,"code":1005}
2018/04/28 11:41:23.274 [D] pop from queue , data:[redis_proxy2layer_queue_name {"ProductId":2000,"Source":"android","AuthCode":"43453","SecTime":"4236424","Nance":"43434","UserId":3232,"UserAuthSign":"04354e1ff199361ce5dd97389b2faf6d","AccessTime":"2018-04-28T11:41:23.2561584+08:00","ClientAddr":"[","ClientRefence":""}],length=2
2018/04/28 11:41:23.274 [D] pop from queue , req:{2000 android 43453 4236424 43434 3232 04354e1ff199361ce5dd97389b2faf6d 2018-04-28 11:41:23.2561584 +0800 CST [ }
2018/04/28 11:41:23.277 [D] begin process request:&{2000 android 43453 4236424 43434 3232 04354e1ff199361ce5dd97389b2faf6d 2018-04-28 11:41:23.2561584 +0800 CST [ }
2018/04/28 11:41:23.278 [D] secLayerContext.Handle2WriteChan &{2000 3232 0b732659233664254a5ceb2e2d1b0c14 1524886883 1002}
2018/04/28 11:41:23.278 [D] secLayerContext.Handle2WriteChan {"product_id":2000,"user_id":3232,"token":"0b732659233664254a5ceb2e2d1b0c14","token_time":1524886883,"code":1002}
2018/04/28 11:41:30.907 [D] pop from queue , data:[redis_proxy2layer_queue_name {"ProductId":3,"Source":"android","AuthCode":"43453","SecTime":"4236424","Nance":"43434","UserId":3232,"UserAuthSign":"04354e1ff199361ce5dd97389b2faf6d","AccessTime":"2018-04-28T11:41:30.8683884+08:00","ClientAddr":"[","ClientRefence":""}],length=2
2018/04/28 11:41:30.908 [D] pop from queue , req:{3 android 43453 4236424 43434 3232 04354e1ff199361ce5dd97389b2faf6d 2018-04-28 11:41:30.8683884 +0800 CST [ }
2018/04/28 11:41:30.909 [D] begin process request:&{3 android 43453 4236424 43434 3232 04354e1ff199361ce5dd97389b2faf6d 2018-04-28 11:41:30.8683884 +0800 CST [ }
2018/04/28 11:41:30.910 [D] secLayerContext.Handle2WriteChan &{3 3232 1205a45379d3518d9bda317bfa20b9cd 1524886890 1002}
2018/04/28 11:41:30.910 [D] secLayerContext.Handle2WriteChan {"product_id":3,"user_id":3232,"token":"1205a45379d3518d9bda317bfa20b9cd","token_time":1524886890,"code":1002}
2018/04/28 11:41:33.246 [D] pop from queue , data:[redis_proxy2layer_queue_name {"ProductId":3,"Source":"android","AuthCode":"43453","SecTime":"4236424","Nance":"43434","UserId":3232,"UserAuthSign":"04354e1ff199361ce5dd97389b2faf6d","AccessTime":"2018-04-28T11:41:33.20961+08:00","ClientAddr":"[","ClientRefence":""}],length=2
2018/04/28 11:41:33.246 [D] pop from queue , req:{3 android 43453 4236424 43434 3232 04354e1ff199361ce5dd97389b2faf6d 2018-04-28 11:41:33.20961 +0800 CST [ }
2018/04/28 11:41:33.247 [D] begin process request:&{3 android 43453 4236424 43434 3232 04354e1ff199361ce5dd97389b2faf6d 2018-04-28 11:41:33.20961 +0800 CST [ }
2018/04/28 11:41:33.247 [D] secLayerContext.Handle2WriteChan &{3 3232 38bbfdbbf6470e0a20e0bc6a90a5c758 1524886893 1002}
2018/04/28 11:41:33.248 [D] secLayerContext.Handle2WriteChan {"product_id":3,"user_id":3232,"token":"38bbfdbbf6470e0a20e0bc6a90a5c758","token_time":1524886893,"code":1002}
2018/04/28 11:41:35.086 [D] pop from queue , data:[redis_proxy2layer_queue_name {"ProductId":3,"Source":"android","AuthCode":"43453","SecTime":"4236424","Nance":"43434","UserId":3232,"UserAuthSign":"04354e1ff199361ce5dd97389b2faf6d","AccessTime":"2018-04-28T11:41:35.0314515+08:00","ClientAddr":"[","ClientRefence":""}],length=2
2018/04/28 11:41:35.087 [D] pop from queue , req:{3 android 43453 4236424 43434 3232 04354e1ff199361ce5dd97389b2faf6d 2018-04-28 11:41:35.0314515 +0800 CST [ }
2018/04/28 11:41:35.087 [D] begin process request:&{3 android 43453 4236424 43434 3232 04354e1ff199361ce5dd97389b2faf6d 2018-04-28 11:41:35.0314515 +0800 CST [ }
2018/04/28 11:41:35.089 [D] secLayerContext.Handle2WriteChan &{3 3232 5e3f66a8c9713415028e8b7057944d72 1524886895 1002}
2018/04/28 11:41:35.089 [D] secLayerContext.Handle2WriteChan {"product_id":3,"user_id":3232,"token":"5e3f66a8c9713415028e8b7057944d72","token_time":1524886895,"code":1002}
2018/04/28 11:42:15.436 [D] get config from etcd, PUT "/backend/secskill/product" : "[{\"product_id\":3000,\"start_time\":1524534841,\"end_time\":1524634841,\"status\":0,\"total\":1000,\"left\":1000,\"one_person_buy_limit\":1,\"buy_rate\":0.5,\"sold_max_limit\":100},{\"product_id\":2000,\"start_time\":1524556258,\"end_time\":3029568658,\"status\":0,\"total\":2000,\"left\":1000,\"one_person_buy_limit\":50,\"buy_rate\":0.8,\"sold_max_limit\":100},{\"product_id\":3,\"start_time\":1524883979,\"end_time\":1526883979,\"status\":0,\"total\":9999999,\"left\":0,\"one_person_buy_limit\":3,\"buy_rate\":0.8,\"sold_max_limit\":999999},{\"product_id\":5,\"start_time\":1524886912,\"end_time\":1524986912,\"status\":0,\"total\":99999,\"left\":0,\"one_person_buy_limit\":3,\"buy_rate\":0.8,\"sold_max_limit\":9999}]"

2018/04/28 11:42:15.437 [D] get config from etcd succ, [{3000 1524534841 1524634841 0 1000 1000 1 0.5 100 <nil>} {2000 1524556258 3029568658 0 2000 1000 50 0.8 100 <nil>} {3 1524883979 1526883979 0 9999999 0 3 0.8 999999 <nil>} {5 1524886912 1524986912 0 99999 0 3 0.8 9999 <nil>}]
2018/04/28 11:42:15.437 [D] secLayerContext.secLayerConf.SecProductInfoMap : map[5:0xc0421d6500 3:0xc0421d64b0 3000:0xc0421d6410 2000:0xc0421d6460]
2018/04/28 11:42:30.062 [D] pop from queue , data:[redis_proxy2layer_queue_name {"ProductId":5,"Source":"android","AuthCode":"43453","SecTime":"4236424","Nance":"43434","UserId":3232,"UserAuthSign":"04354e1ff199361ce5dd97389b2faf6d","AccessTime":"2018-04-28T11:42:30.0425777+08:00","ClientAddr":"[","ClientRefence":""}],length=2
2018/04/28 11:42:30.063 [D] pop from queue , req:{5 android 43453 4236424 43434 3232 04354e1ff199361ce5dd97389b2faf6d 2018-04-28 11:42:30.0425777 +0800 CST [ }
2018/04/28 11:42:30.063 [D] begin process request:&{5 android 43453 4236424 43434 3232 04354e1ff199361ce5dd97389b2faf6d 2018-04-28 11:42:30.0425777 +0800 CST [ }
2018/04/28 11:42:30.079 [D] secLayerContext.Handle2WriteChan &{5 3232 180a47c076bb2daafdc96e166d8d4806 1524886950 1002}
2018/04/28 11:42:30.079 [D] secLayerContext.Handle2WriteChan {"product_id":5,"user_id":3232,"token":"180a47c076bb2daafdc96e166d8d4806","token_time":1524886950,"code":1002}
2018/04/28 11:42:31.184 [D] pop from queue , data:[redis_proxy2layer_queue_name {"ProductId":5,"Source":"android","AuthCode":"43453","SecTime":"4236424","Nance":"43434","UserId":3232,"UserAuthSign":"04354e1ff199361ce5dd97389b2faf6d","AccessTime":"2018-04-28T11:42:31.1435037+08:00","ClientAddr":"[","ClientRefence":""}],length=2
2018/04/28 11:42:31.184 [D] pop from queue , req:{5 android 43453 4236424 43434 3232 04354e1ff199361ce5dd97389b2faf6d 2018-04-28 11:42:31.1435037 +0800 CST [ }
2018/04/28 11:42:31.185 [D] begin process request:&{5 android 43453 4236424 43434 3232 04354e1ff199361ce5dd97389b2faf6d 2018-04-28 11:42:31.1435037 +0800 CST [ }
2018/04/28 11:42:31.187 [D] secLayerContext.Handle2WriteChan &{5 3232 474f1de1f68d5b5d2910005df45e9f64 1524886951 1002}
2018/04/28 11:42:31.187 [D] secLayerContext.Handle2WriteChan {"product_id":5,"user_id":3232,"token":"474f1de1f68d5b5d2910005df45e9f64","token_time":1524886951,"code":1002}
2018/04/28 11:42:32.279 [D] pop from queue , data:[redis_proxy2layer_queue_name {"ProductId":5,"Source":"android","AuthCode":"43453","SecTime":"4236424","Nance":"43434","UserId":3232,"UserAuthSign":"04354e1ff199361ce5dd97389b2faf6d","AccessTime":"2018-04-28T11:42:32.2183597+08:00","ClientAddr":"[","ClientRefence":""}],length=2
2018/04/28 11:42:32.279 [D] pop from queue , req:{5 android 43453 4236424 43434 3232 04354e1ff199361ce5dd97389b2faf6d 2018-04-28 11:42:32.2183597 +0800 CST [ }
2018/04/28 11:42:32.282 [D] begin process request:&{5 android 43453 4236424 43434 3232 04354e1ff199361ce5dd97389b2faf6d 2018-04-28 11:42:32.2183597 +0800 CST [ }
2018/04/28 11:42:32.287 [D] secLayerContext.Handle2WriteChan &{5 3232 5c42ce2f2444d1c3451a75bca7fa8418 1524886952 1002}
2018/04/28 11:42:32.287 [D] secLayerContext.Handle2WriteChan {"product_id":5,"user_id":3232,"token":"5c42ce2f2444d1c3451a75bca7fa8418","token_time":1524886952,"code":1002}
2018/04/28 11:42:33.242 [D] pop from queue , data:[redis_proxy2layer_queue_name {"ProductId":5,"Source":"android","AuthCode":"43453","SecTime":"4236424","Nance":"43434","UserId":3232,"UserAuthSign":"04354e1ff199361ce5dd97389b2faf6d","AccessTime":"2018-04-28T11:42:33.2089927+08:00","ClientAddr":"[","ClientRefence":""}],length=2
2018/04/28 11:42:33.243 [D] pop from queue , req:{5 android 43453 4236424 43434 3232 04354e1ff199361ce5dd97389b2faf6d 2018-04-28 11:42:33.2089927 +0800 CST [ }
2018/04/28 11:42:33.243 [D] begin process request:&{5 android 43453 4236424 43434 3232 04354e1ff199361ce5dd97389b2faf6d 2018-04-28 11:42:33.2089927 +0800 CST [ }
2018/04/28 11:42:33.243 [D] secLayerContext.Handle2WriteChan &{0 0  0 1006}
2018/04/28 11:42:33.243 [D] secLayerContext.Handle2WriteChan {"product_id":0,"user_id":0,"token":"","token_time":0,"code":1006}
2018/04/28 11:43:22.382 [D] pop from queue , data:[redis_proxy2layer_queue_name {"ProductId":5,"Source":"android","AuthCode":"43453","SecTime":"4236424","Nance":"43434","UserId":3232,"UserAuthSign":"04354e1ff199361ce5dd97389b2faf6d","AccessTime":"2018-04-28T11:43:22.3435656+08:00","ClientAddr":"[","ClientRefence":""}],length=2
2018/04/28 11:43:22.382 [D] pop from queue , req:{5 android 43453 4236424 43434 3232 04354e1ff199361ce5dd97389b2faf6d 2018-04-28 11:43:22.3435656 +0800 CST [ }
2018/04/28 11:43:22.383 [D] begin process request:&{5 android 43453 4236424 43434 3232 04354e1ff199361ce5dd97389b2faf6d 2018-04-28 11:43:22.3435656 +0800 CST [ }
2018/04/28 11:43:22.383 [D] secLayerContext.Handle2WriteChan &{0 0  0 1006}
2018/04/28 11:43:22.383 [D] secLayerContext.Handle2WriteChan {"product_id":0,"user_id":0,"token":"","token_time":0,"code":1006}
2018/04/28 11:43:34.564 [D] pop from queue , data:[redis_proxy2layer_queue_name {"ProductId":5,"Source":"android","AuthCode":"43453","SecTime":"4236424","Nance":"43434","UserId":3232,"UserAuthSign":"04354e1ff199361ce5dd97389b2faf6d","AccessTime":"2018-04-28T11:43:34.5259388+08:00","ClientAddr":"[","ClientRefence":""}],length=2
2018/04/28 11:43:34.564 [D] pop from queue , req:{5 android 43453 4236424 43434 3232 04354e1ff199361ce5dd97389b2faf6d 2018-04-28 11:43:34.5259388 +0800 CST [ }
2018/04/28 11:43:34.564 [D] begin process request:&{5 android 43453 4236424 43434 3232 04354e1ff199361ce5dd97389b2faf6d 2018-04-28 11:43:34.5259388 +0800 CST [ }
2018/04/28 11:43:34.564 [D] secLayerContext.Handle2WriteChan &{0 0  0 1006}
2018/04/28 11:43:34.564 [D] secLayerContext.Handle2WriteChan {"product_id":0,"user_id":0,"token":"","token_time":0,"code":1006}
2018/04/28 11:44:37.009 [D] pop from queue , data:[redis_proxy2layer_queue_name {"ProductId":3,"Source":"android","AuthCode":"43453","SecTime":"4236424","Nance":"43434","UserId":3232,"UserAuthSign":"04354e1ff199361ce5dd97389b2faf6d","AccessTime":"2018-04-28T11:44:36.9839175+08:00","ClientAddr":"[","ClientRefence":""}],length=2
2018/04/28 11:44:37.010 [D] pop from queue , req:{3 android 43453 4236424 43434 3232 04354e1ff199361ce5dd97389b2faf6d 2018-04-28 11:44:36.9839175 +0800 CST [ }
2018/04/28 11:44:37.010 [D] begin process request:&{3 android 43453 4236424 43434 3232 04354e1ff199361ce5dd97389b2faf6d 2018-04-28 11:44:36.9839175 +0800 CST [ }
2018/04/28 11:44:37.010 [D] secLayerContext.Handle2WriteChan &{0 0  0 1006}
2018/04/28 11:44:37.010 [D] secLayerContext.Handle2WriteChan {"product_id":0,"user_id":0,"token":"","token_time":0,"code":1006}
2018/04/28 11:45:07.865 [D] pop from queue , data:[redis_proxy2layer_queue_name {"ProductId":3,"Source":"android","AuthCode":"43453","SecTime":"4236424","Nance":"43434","UserId":3232,"UserAuthSign":"04354e1ff199361ce5dd97389b2faf6d","AccessTime":"2018-04-28T11:45:07.8218682+08:00","ClientAddr":"[","ClientRefence":""}],length=2
2018/04/28 11:45:07.865 [D] pop from queue , req:{3 android 43453 4236424 43434 3232 04354e1ff199361ce5dd97389b2faf6d 2018-04-28 11:45:07.8218682 +0800 CST [ }
2018/04/28 11:45:07.865 [D] begin process request:&{3 android 43453 4236424 43434 3232 04354e1ff199361ce5dd97389b2faf6d 2018-04-28 11:45:07.8218682 +0800 CST [ }
2018/04/28 11:45:07.865 [D] secLayerContext.Handle2WriteChan &{0 0  0 1006}
2018/04/28 11:45:07.865 [D] secLayerContext.Handle2WriteChan {"product_id":0,"user_id":0,"token":"","token_time":0,"code":1006}
